# JRE version: OpenJDK Runtime Environment Temurin-17.0.5+8 (17.0.5+8) (build 17.0.5+8)
# Java VM: OpenJDK 64-Bit Server VM Temurin-17.0.5+8 (17.0.5+8, mixed mode, sharing, tiered, compressed oops, compressed class ptrs, g1 gc, windows-amd64)
GC Precious Log:
 CPUs: 8 total, 8 available
 Memory: 8043M
 Large Page Support: Disabled
 NUMA Support: Disabled
 Compressed Oops: Enabled (32-bit)
 Heap Region Size: 1M
 Heap Min Capacity: 8M
 Heap Initial Capacity: 126M
 Heap Max Capacity: 2G
 Pre-touch: Disabled
 Parallel Workers: 8
 Concurrent Workers: 2
 Concurrent Refinement Workers: 8
 Periodic GC: Disabled
Heap:
 garbage-first heap   total 259072K, used 221874K [0x0000000080000000, 0x0000000100000000)
  region size 1024K, 26 young (26624K), 4 survivors (4096K)
 Metaspace       used 104826K, committed 105984K, reserved 520192K
  class space    used 14104K, committed 14656K, reserved 421888K
GC Heap History (20 events):
Event: 108.202 GC heap before
{Heap before GC invocations=70 (full 0):
 garbage-first heap   total 259072K, used 215913K [0x0000000080000000, 0x0000000100000000)
  region size 1024K, 39 young (39936K), 5 survivors (5120K)
 Metaspace       used 102434K, committed 103552K, reserved 512000K
  class space    used 13802K, committed 14336K, reserved 421888K
}
Event: 108.208 GC heap after
{Heap after GC invocations=71 (full 0):
 garbage-first heap   total 259072K, used 184387K [0x0000000080000000, 0x0000000100000000)
  region size 1024K, 3 young (3072K), 3 survivors (3072K)
 Metaspace       used 102434K, committed 103552K, reserved 512000K
  class space    used 13802K, committed 14336K, reserved 421888K
}
Event: 109.711 GC heap before
{Heap before GC invocations=71 (full 0):
 garbage-first heap   total 259072K, used 222275K [0x0000000080000000, 0x0000000100000000)
  region size 1024K, 37 young (37888K), 3 survivors (3072K)
 Metaspace       used 102692K, committed 103808K, reserved 512000K
  class space    used 13836K, committed 14400K, reserved 421888K
}
Event: 109.717 GC heap after
{Heap after GC invocations=72 (full 0):
 garbage-first heap   total 259072K, used 190059K [0x0000000080000000, 0x0000000100000000)
  region size 1024K, 4 young (4096K), 4 survivors (4096K)
 Metaspace       used 102692K, committed 103808K, reserved 512000K
  class space    used 13836K, committed 14400K, reserved 421888K
}
Event: 110.219 GC heap before
{Heap before GC invocations=72 (full 0):
 garbage-first heap   total 259072K, used 224875K [0x0000000080000000, 0x0000000100000000)
  region size 1024K, 35 young (35840K), 4 survivors (4096K)
 Metaspace       used 102743K, committed 103872K, reserved 512000K
  class space    used 13838K, committed 14400K, reserved 421888K
}
Event: 110.226 GC heap after
{Heap after GC invocations=73 (full 0):
 garbage-first heap   total 259072K, used 188330K [0x0000000080000000, 0x0000000100000000)
  region size 1024K, 5 young (5120K), 5 survivors (5120K)
 Metaspace       used 102743K, committed 103872K, reserved 512000K
  class space    used 13838K, committed 14400K, reserved 421888K
}
Event: 110.812 GC heap before
{Heap before GC invocations=73 (full 0):
 garbage-first heap   total 259072K, used 229290K [0x0000000080000000, 0x0000000100000000)
  region size 1024K, 38 young (38912K), 5 survivors (5120K)
 Metaspace       used 102796K, committed 103936K, reserved 512000K
  class space    used 13847K, committed 14400K, reserved 421888K
}
Event: 110.818 GC heap after
{Heap after GC invocations=74 (full 0):
 garbage-first heap   total 259072K, used 194624K [0x0000000080000000, 0x0000000100000000)
  region size 1024K, 5 young (5120K), 5 survivors (5120K)
 Metaspace       used 102796K, committed 103936K, reserved 512000K
  class space    used 13847K, committed 14400K, reserved 421888K
}
Event: 111.302 GC heap before
{Heap before GC invocations=74 (full 0):
 garbage-first heap   total 259072K, used 226368K [0x0000000080000000, 0x0000000100000000)
  region size 1024K, 33 young (33792K), 5 survivors (5120K)
 Metaspace       used 102880K, committed 104064K, reserved 512000K
  class space    used 13857K, committed 14400K, reserved 421888K
}
Event: 111.310 GC heap after
{Heap after GC invocations=75 (full 0):
 garbage-first heap   total 259072K, used 193029K [0x0000000080000000, 0x0000000100000000)
  region size 1024K, 5 young (5120K), 5 survivors (5120K)
 Metaspace       used 102880K, committed 104064K, reserved 512000K
  class space    used 13857K, committed 14400K, reserved 421888K
}
Event: 112.110 GC heap before
{Heap before GC invocations=75 (full 0):
 garbage-first heap   total 259072K, used 226821K [0x0000000080000000, 0x0000000100000000)
  region size 1024K, 35 young (35840K), 5 survivors (5120K)
 Metaspace       used 102921K, committed 104064K, reserved 512000K
  class space    used 13864K, committed 14400K, reserved 421888K
}
Event: 112.116 GC heap after
{Heap after GC invocations=76 (full 0):
 garbage-first heap   total 259072K, used 195039K [0x0000000080000000, 0x0000000100000000)
  region size 1024K, 5 young (5120K), 5 survivors (5120K)
 Metaspace       used 102921K, committed 104064K, reserved 512000K
  class space    used 13864K, committed 14400K, reserved 421888K
}
Event: 112.701 GC heap before
{Heap before GC invocations=76 (full 0):
 garbage-first heap   total 259072K, used 226783K [0x0000000080000000, 0x0000000100000000)
  region size 1024K, 33 young (33792K), 5 survivors (5120K)
 Metaspace       used 102922K, committed 104064K, reserved 512000K
  class space    used 13864K, committed 14400K, reserved 421888K
}
Event: 112.715 GC heap after
{Heap after GC invocations=77 (full 0):
 garbage-first heap   total 259072K, used 196681K [0x0000000080000000, 0x0000000100000000)
  region size 1024K, 4 young (4096K), 4 survivors (4096K)
 Metaspace       used 102922K, committed 104064K, reserved 512000K
  class space    used 13864K, committed 14400K, reserved 421888K
}
Event: 113.358 GC heap before
{Heap before GC invocations=77 (full 0):
 garbage-first heap   total 259072K, used 228425K [0x0000000080000000, 0x0000000100000000)
  region size 1024K, 32 young (32768K), 4 survivors (4096K)
 Metaspace       used 102938K, committed 104128K, reserved 512000K
  class space    used 13864K, committed 14400K, reserved 421888K
}
Event: 113.365 GC heap after
{Heap after GC invocations=78 (full 0):
 garbage-first heap   total 259072K, used 198372K [0x0000000080000000, 0x0000000100000000)
  region size 1024K, 4 young (4096K), 4 survivors (4096K)
 Metaspace       used 102938K, committed 104128K, reserved 512000K
  class space    used 13864K, committed 14400K, reserved 421888K
}
Event: 114.346 GC heap before
{Heap before GC invocations=78 (full 0):
 garbage-first heap   total 259072K, used 228068K [0x0000000080000000, 0x0000000100000000)
  region size 1024K, 30 young (30720K), 4 survivors (4096K)
 Metaspace       used 103043K, committed 104192K, reserved 512000K
  class space    used 13873K, committed 14400K, reserved 421888K
}
Event: 114.351 GC heap after
{Heap after GC invocations=79 (full 0):
 garbage-first heap   total 259072K, used 201984K [0x0000000080000000, 0x0000000100000000)
  region size 1024K, 4 young (4096K), 4 survivors (4096K)
 Metaspace       used 103043K, committed 104192K, reserved 512000K
  class space    used 13873K, committed 14400K, reserved 421888K
}
Event: 115.887 GC heap before
{Heap before GC invocations=79 (full 0):
 garbage-first heap   total 259072K, used 225536K [0x0000000080000000, 0x0000000100000000)
  region size 1024K, 28 young (28672K), 4 survivors (4096K)
 Metaspace       used 103463K, committed 104640K, reserved 520192K
  class space    used 13923K, committed 14464K, reserved 421888K
}
Event: 116.103 GC heap after
{Heap after GC invocations=80 (full 0):
 garbage-first heap   total 259072K, used 201394K [0x0000000080000000, 0x0000000100000000)
  region size 1024K, 4 young (4096K), 4 survivors (4096K)
 Metaspace       used 103463K, committed 104640K, reserved 520192K
  class space    used 13923K, committed 14464K, reserved 421888K
}

